<?xml version="1.0" encoding="UTF-8"?>
<testsuite name="ComputerRepairRequestTest" tests="2" skipped="0" failures="0" errors="0" timestamp="2024-03-05T08:59:25" hostname="florin-Aspire-A515-56" time="0.018">
  <properties/>
  <testcase name="Second Test" classname="ComputerRepairRequestTest" time="0.016"/>
  <testcase name="First Test" classname="ComputerRepairRequestTest" time="0.001"/>
  <system-out><![CDATA[]]></system-out>
  <system-err><![CDATA[]]></system-err>
</testsuite>
